<?xml version="1.0" encoding="UTF-8"?>
<!-- Generated by org.testng.reporters.JUnitXMLReporter -->
<testsuite hostname="DESKTOP-JCJ8HOK" ignored="0" name="ChromeTest" tests="4" failures="0" timestamp="13 Apr 2023 01:17:16 GMT" time="39.477" errors="0">
  <testcase name="radioButtonTest" time="0.902" classname="testng.RadioButton1"/>
  <testcase name="checkboxTest" time="0.624" classname="testng.CheckBox1"/>
  <testcase name="linktesting1" time="1.664" classname="testng.LinksTesting1"/>
  <testcase name="amazonText" time="4.86" classname="testng.TestNG_003"/>
</testsuite> <!-- ChromeTest -->
