<?xml version="1.0" encoding="UTF-8"?>
<!-- Generated by org.testng.reporters.JUnitXMLReporter -->
<testsuite hostname="DESKTOP-JCJ8HOK" ignored="0" name="Default test" tests="2" failures="0" timestamp="28 Apr 2023 01:09:46 GMT" time="15.515" errors="0">
  <testcase name="facebook" time="9.928" classname="excelOperation.FaceBookFinalProgram"/>
  <testcase name="facebook" time="4.32" classname="excelOperation.FaceBookFinalProgram">
    <skipped/>
  </testcase> <!-- facebook -->
</testsuite> <!-- Default test -->
