<?xml version="1.0" encoding="UTF-8"?>
<!-- Generated by org.testng.reporters.JUnitXMLReporter -->
<testsuite hostname="DESKTOP-JCJ8HOK" ignored="1" name="AutomationTest" tests="3" failures="0" timestamp="12 Apr 2023 01:23:28 GMT" time="0.443" errors="0">
  <testcase name="f" time="0.188" classname="testng.TestNG_001"/>
  <testcase name="f" time="0.005" classname="testng.TestNG_002"/>
  <testcase name="z" time="0.065" classname="testng.TestNG_002"/>
  <testcase name="a" time="0.0" classname="testng.TestNG_002">
    <ignored/>
  </testcase> <!-- a -->
</testsuite> <!-- AutomationTest -->
